     1                                  global _start
     2                                  
     3                                  section .data
     4 00000000 6F75747075742E7478-         filename db "output.txt", 0
     4 00000009 7400               
     5 0000000B 48656C6C6F2C20776F-         message db "Hello, world", 10
     5 00000014 726C640A           
     6                                      msg_len equ $ - message
     7 00000018 46696C652077726974-         success_msg db "File written successfully!", 10
     7 00000021 74656E207375636365-
     7 0000002A 737366756C6C79210A 
     8                                      success_len equ $ - success_msg
     9 00000033 4572726F7220777269-         error_msg db "Error writing file!", 10
     9 0000003C 74696E672066696C65-
     9 00000045 210A               
    10                                      error_len equ $ - error_msg
    11                                  
    12                                  section .text
    13                                  _start:
    14                                     
    15 00000000 B802000000                  mov rax, 2              
    16 00000005 48BF-                       mov rdi, filename      
    16 00000007 [0000000000000000] 
    17 0000000F BE41000000                  mov rsi, 0o101        
    18 00000014 BAA4010000                  mov rdx, 0o644          
    19 00000019 0F05                        syscall
    20                                  
    21 0000001B 4883F800                    cmp rax, 0              
    22 0000001F 7C53                        jl error
    23                                  
    24 00000021 4989C0                      mov r8, rax           
    25                                  
    26                                      ; Пишем в файл (sys_write)
    27 00000024 B801000000                  mov rax, 1              
    28 00000029 4C89C7                      mov rdi, r8            
    29 0000002C 48BE-                       mov rsi, message       
    29 0000002E [0B00000000000000] 
    30 00000036 BA0D000000                  mov rdx, msg_len        
    31 0000003B 0F05                        syscall
    32                                  
    33 0000003D 4883F800                    cmp rax, 0             
    34 00000041 7C31                        jl error
    35                                  
    36                                      
    37 00000043 B803000000                  mov rax, 3              
    38 00000048 4C89C7                      mov rdi, r8             
    39 0000004B 0F05                        syscall
    40                                  
    41                                     
    42 0000004D B801000000                  mov rax, 1              
    43 00000052 BF01000000                  mov rdi, 1              
    44 00000057 48BE-                       mov rsi, success_msg
    44 00000059 [1800000000000000] 
    45 00000061 BA1B000000                  mov rdx, success_len
    46 00000066 0F05                        syscall
    47                                  
    48                                      
    49 00000068 B83C000000                  mov rax, 60             
    50 0000006D BF00000000                  mov rdi, 0
    51 00000072 0F05                        syscall
    52                                  
    53                                  error:
    54                                      
    55 00000074 B801000000                  mov rax, 1              
    56 00000079 BF02000000                  mov rdi, 2              
    57 0000007E 48BE-                       mov rsi, error_msg
    57 00000080 [3300000000000000] 
    58 00000088 BA14000000                  mov rdx, error_len
    59 0000008D 0F05                        syscall
    60                                  
    61 0000008F B83C000000                  mov rax, 60            
    62 00000094 BF01000000                  mov rdi, 1
    63 00000099 0F05                        syscall
